/*C2*/SET SCHEMA PUBLIC
INSERT INTO VEHICULE VALUES(2,5,58000,'lolo                                                            ',19)
COMMIT
INSERT INTO VEHICULE_OPTION VALUES(19,0)
COMMIT
INSERT INTO VEHICULE_OPTION VALUES(19,1)
COMMIT
INSERT INTO VEHICULE_OPTION VALUES(19,2)
COMMIT
INSERT INTO VEHICULE_OPTION VALUES(19,3)
COMMIT
INSERT INTO VEHICULE_OPTION VALUES(19,4)
COMMIT
DELETE FROM VEHICULE_OPTION WHERE ID_VEHICULE=19 AND ID_OPTION=0
DELETE FROM VEHICULE_OPTION WHERE ID_VEHICULE=19 AND ID_OPTION=1
DELETE FROM VEHICULE_OPTION WHERE ID_VEHICULE=19 AND ID_OPTION=2
DELETE FROM VEHICULE_OPTION WHERE ID_VEHICULE=19 AND ID_OPTION=3
DELETE FROM VEHICULE_OPTION WHERE ID_VEHICULE=19 AND ID_OPTION=4
COMMIT
DELETE FROM VEHICULE WHERE ID=19
COMMIT
INSERT INTO VEHICULE VALUES(0,0,12,'lolo                                                            ',19)
COMMIT
INSERT INTO VEHICULE_OPTION VALUES(19,2)
COMMIT
DELETE FROM VEHICULE_OPTION WHERE ID_VEHICULE=19 AND ID_OPTION=2
COMMIT
DELETE FROM VEHICULE WHERE ID=19
COMMIT
